<?xml version="1.0" encoding="UTF-8"?>
<!-- Generated by org.testng.reporters.JUnitReportReporter -->
<testsuite hostname="DESKTOP-SJEQSC9" failures="0" tests="1" name="com.slinkr.testscript.scrapePerson" time="2.806" errors="0" timestamp="2024-03-17T22:07:51 IST" skipped="0">
  <testcase classname="com.slinkr.testscript.scrapePerson" name="OneEndToEndSlinkrPerson" time="2.806"/>
  <system-out/>
</testsuite> <!-- com.slinkr.testscript.scrapePerson -->
