<?xml version="1.0" encoding="UTF-8"?>
<!-- Generated by org.testng.reporters.JUnitReportReporter -->
<testsuite hostname="DESKTOP-SJEQSC9" failures="0" tests="1" name="com.slinkr.testscript.scrapeCompany" time="4.479" errors="0" timestamp="2024-03-17T22:07:51 IST" skipped="0">
  <testcase classname="com.slinkr.testscript.scrapeCompany" name="OneEndToEndSlinkrCompany" time="4.479"/>
  <system-out>
    <![CDATA[comp_name is :Accetion
Company Name Website Industry Company size Headquarter Founded Followers Specialties
accetion https://accetion.com IT Services and IT Consulting 2-10 employees ** Not Available ** 2018 2K followers Automation, Intelligent Invoice Processing, Intelligent Document Processing, Document Classification, Document Quality Enhancement, Artificial Intelligence, Machine Learning, and NLP
Message:Your message has been successfully fetched from Database]]>
  </system-out>
</testsuite> <!-- com.slinkr.testscript.scrapeCompany -->
