<?xml version="1.0" encoding="UTF-8"?>
<!-- Generated by org.testng.reporters.JUnitReportReporter -->
<testsuite hostname="DESKTOP-SJEQSC9" failures="0" tests="14" name="com.slinkr.testscript.slinkrLogin" time="12.540" errors="0" timestamp="2024-03-17T22:09:16 IST" skipped="2">
  <testcase classname="com.slinkr.testscript.slinkrLogin" name="sendinginvalidUn1" time="0.160"/>
  <system-out/>
  <testcase classname="com.slinkr.testscript.slinkrLogin" name="sendinginvalidUn" time="0.178"/>
  <system-out/>
  <testcase classname="com.slinkr.testscript.slinkrLogin" name="unpwdheightandwidth" time="0.058"/>
  <system-out>
    <![CDATA[username Height is 47
username width is 204]]>
  </system-out>
  <testcase classname="com.slinkr.testscript.slinkrLogin" name="oneendtoendLoginPage" time="3.080"/>
  <system-out/>
  <testcase classname="com.slinkr.testscript.slinkrLogin" name="loginErrorMsg" time="0.159"/>
  <system-out>
    <![CDATA[invalid message : ]]>
  </system-out>
  <testcase classname="com.slinkr.testscript.slinkrLogin" name="loginCosmeticVerification" time="2.139"/>
  <system-out>
    <![CDATA[background color of login button is rgba(13, 110, 253, 1)
fontfamily is system-ui, -apple-system, "Segoe UI", Roboto, "Helvetica Neue", "Noto Sans", "Liberation Sans", Arial, sans-serif, "Apple Color Emoji", "Segoe UI Emoji", "Segoe UI Symbol", "Noto Color Emoji"]]>
  </system-out>
  <testcase classname="com.slinkr.testscript.slinkrLogin" name="unpwdheightandwidth" time="0.025"/>
  <system-out>
    <![CDATA[username Height is 47
username width is 208]]>
  </system-out>
  <testcase classname="com.slinkr.testscript.slinkrLogin" name="sendinginvalidUn1" time="1.249"/>
  <system-out/>
  <testcase classname="com.slinkr.testscript.slinkrLogin" name="loginErrorMsg" time="2.007"/>
  <system-out>
    <![CDATA[invalid message : Username or password incorrect]]>
  </system-out>
  <testcase classname="com.slinkr.testscript.slinkrLogin" name="oneendtoendLoginPage" time="0.220"/>
  <system-out/>
  <testcase classname="com.slinkr.testscript.slinkrLogin" name="sendinginvalidUn" time="1.197"/>
  <system-out/>
  <testcase classname="com.slinkr.testscript.slinkrLogin" name="loginCosmeticVerification" time="2.068"/>
  <system-out>
    <![CDATA[background color of login button is rgb(13, 110, 253)
fontfamily is system-ui, -apple-system, "Segoe UI", Roboto, "Helvetica Neue", "Noto Sans", "Liberation Sans", Arial, sans-serif, "Apple Color Emoji", "Segoe UI Emoji", "Segoe UI Symbol", "Noto Color Emoji"]]>
  </system-out>
  <testcase classname="com.slinkr.testscript.slinkrLogin" name="enumOperations">
    <skipped/>
  </testcase> <!-- enumOperations -->
  <system-out/>
  <testcase classname="com.slinkr.testscript.slinkrLogin" name="enumOperations">
    <skipped/>
  </testcase> <!-- enumOperations -->
  <system-out/>
</testsuite> <!-- com.slinkr.testscript.slinkrLogin -->
